[debug] [2022-03-28T19:53:00.943Z] ----------------------------------------------------------------------
[debug] [2022-03-28T19:53:00.959Z] Command:       C:\Program Files\nodejs\node.exe C:\Users\user\AppData\Roaming\npm\node_modules\firebase-tools\lib\bin\firebase.js deploy
[debug] [2022-03-28T19:53:00.959Z] CLI Version:   10.0.1
[debug] [2022-03-28T19:53:00.959Z] Platform:      win32
[debug] [2022-03-28T19:53:00.959Z] Node Version:  v14.15.1
[debug] [2022-03-28T19:53:00.959Z] Time:          Tue Mar 29 2022 01:53:00 GMT+0600 (Bangladesh Standard Time)
[debug] [2022-03-28T19:53:00.959Z] ----------------------------------------------------------------------
[debug] 
[debug] [2022-03-28T19:53:00.959Z] >>> [apiv2][query] GET https://firebase-public.firebaseio.com/cli.json [none]
[debug] [2022-03-28T19:53:01.131Z] > command requires scopes: ["email","openid","https://www.googleapis.com/auth/cloudplatformprojects.readonly","https://www.googleapis.com/auth/firebase","https://www.googleapis.com/auth/cloud-platform"]
[debug] [2022-03-28T19:53:01.131Z] > authorizing via signed-in user (mazharulalam26@gmail.com)
[debug] [2022-03-28T19:53:01.131Z] [iam] checking project calling-dudes for permissions ["firebase.projects.get","firebasehosting.sites.update"]
[debug] [2022-03-28T19:53:01.131Z] > refreshing access token with scopes: ["email","https://www.googleapis.com/auth/cloud-platform","https://www.googleapis.com/auth/cloudplatformprojects.readonly","https://www.googleapis.com/auth/firebase","openid"]
[debug] [2022-03-28T19:53:01.131Z] >>> HTTP REQUEST POST https://www.googleapis.com/oauth2/v3/token  
 <request body omitted>
[debug] [2022-03-28T19:53:01.645Z] <<< HTTP RESPONSE 200 {"date":"Mon, 28 Mar 2022 19:53:01 GMT","pragma":"no-cache","cache-control":"no-cache, no-store, max-age=0, must-revalidate","expires":"Mon, 01 Jan 1990 00:00:00 GMT","content-type":"application/json; charset=utf-8","vary":"X-Origin, Referer, Origin,Accept-Encoding","server":"scaffolding on HTTPServer2","x-xss-protection":"0","x-frame-options":"SAMEORIGIN","x-content-type-options":"nosniff","alt-svc":"h3=\":443\"; ma=2592000,h3-29=\":443\"; ma=2592000,h3-Q050=\":443\"; ma=2592000,h3-Q046=\":443\"; ma=2592000,h3-Q043=\":443\"; ma=2592000,quic=\":443\"; ma=2592000; v=\"46,43\"","accept-ranges":"none","transfer-encoding":"chunked"}
[debug] [2022-03-28T19:53:01.676Z] >>> HTTP REQUEST POST https://cloudresourcemanager.googleapis.com/v1/projects/calling-dudes:testIamPermissions  
 {"permissions":["firebase.projects.get","firebasehosting.sites.update"]}
[debug] [2022-03-28T19:53:02.551Z] <<< [apiv2][status] GET https://firebase-public.firebaseio.com/cli.json 200
[debug] [2022-03-28T19:53:02.551Z] <<< [apiv2][body] GET https://firebase-public.firebaseio.com/cli.json {"cloudBuildErrorAfter":1594252800000,"cloudBuildWarnAfter":1590019200000,"defaultNode10After":1594252800000,"minVersion":"3.0.5","node8DeploysDisabledAfter":1613390400000,"node8RuntimeDisabledAfter":1615809600000,"node8WarnAfter":1600128000000}
[debug] [2022-03-28T19:53:02.899Z] <<< HTTP RESPONSE 200 {"content-type":"application/json; charset=UTF-8","vary":"X-Origin, Referer, Origin,Accept-Encoding","date":"Mon, 28 Mar 2022 19:53:03 GMT","server":"ESF","cache-control":"private","x-xss-protection":"0","x-frame-options":"SAMEORIGIN","x-content-type-options":"nosniff","server-timing":"gfet4t7; dur=962","alt-svc":"h3=\":443\"; ma=2592000,h3-29=\":443\"; ma=2592000,h3-Q050=\":443\"; ma=2592000,h3-Q046=\":443\"; ma=2592000,h3-Q043=\":443\"; ma=2592000,quic=\":443\"; ma=2592000; v=\"46,43\"","accept-ranges":"none","transfer-encoding":"chunked"}
[debug] [2022-03-28T19:53:02.902Z] > refreshing access token with scopes: []
[debug] [2022-03-28T19:53:02.902Z] >>> HTTP REQUEST POST https://www.googleapis.com/oauth2/v3/token  
 <request body omitted>
[debug] [2022-03-28T19:53:03.225Z] <<< HTTP RESPONSE 200 {"cache-control":"no-cache, no-store, max-age=0, must-revalidate","pragma":"no-cache","date":"Mon, 28 Mar 2022 19:53:03 GMT","expires":"Mon, 01 Jan 1990 00:00:00 GMT","content-type":"application/json; charset=utf-8","vary":"X-Origin, Referer, Origin,Accept-Encoding","server":"scaffolding on HTTPServer2","x-xss-protection":"0","x-frame-options":"SAMEORIGIN","x-content-type-options":"nosniff","alt-svc":"h3=\":443\"; ma=2592000,h3-29=\":443\"; ma=2592000,h3-Q050=\":443\"; ma=2592000,h3-Q046=\":443\"; ma=2592000,h3-Q043=\":443\"; ma=2592000,quic=\":443\"; ma=2592000; v=\"46,43\"","accept-ranges":"none","transfer-encoding":"chunked"}
[debug] [2022-03-28T19:53:03.241Z] >>> [apiv2][query] GET https://firebase.googleapis.com/v1beta1/projects/calling-dudes [none]
[debug] [2022-03-28T19:53:04.138Z] <<< [apiv2][status] GET https://firebase.googleapis.com/v1beta1/projects/calling-dudes 200
[debug] [2022-03-28T19:53:04.138Z] <<< [apiv2][body] GET https://firebase.googleapis.com/v1beta1/projects/calling-dudes {"projectId":"calling-dudes","projectNumber":"1009813759095","displayName":"Calling Dudes","name":"projects/calling-dudes","resources":{"hostingSite":"calling-dudes","storageBucket":"calling-dudes.appspot.com","locationId":"us-central"},"state":"ACTIVE"}
[info] 
[info] === Deploying to 'calling-dudes'...
[info] 
[info] i  deploying hosting 
[debug] [2022-03-28T19:53:04.170Z] > refreshing access token with scopes: ["email","https://www.googleapis.com/auth/cloud-platform","https://www.googleapis.com/auth/cloudplatformprojects.readonly","https://www.googleapis.com/auth/firebase","openid"]
[debug] [2022-03-28T19:53:04.171Z] >>> HTTP REQUEST POST https://www.googleapis.com/oauth2/v3/token  
 <request body omitted>
[debug] [2022-03-28T19:53:04.403Z] <<< HTTP RESPONSE 200 {"pragma":"no-cache","date":"Mon, 28 Mar 2022 19:53:04 GMT","expires":"Mon, 01 Jan 1990 00:00:00 GMT","cache-control":"no-cache, no-store, max-age=0, must-revalidate","content-type":"application/json; charset=utf-8","vary":"X-Origin, Referer, Origin,Accept-Encoding","server":"scaffolding on HTTPServer2","x-xss-protection":"0","x-frame-options":"SAMEORIGIN","x-content-type-options":"nosniff","alt-svc":"h3=\":443\"; ma=2592000,h3-29=\":443\"; ma=2592000,h3-Q050=\":443\"; ma=2592000,h3-Q046=\":443\"; ma=2592000,h3-Q043=\":443\"; ma=2592000,quic=\":443\"; ma=2592000; v=\"46,43\"","accept-ranges":"none","transfer-encoding":"chunked"}
[debug] [2022-03-28T19:53:04.435Z] >>> HTTP REQUEST POST https://firebasehosting.googleapis.com/v1beta1/sites/calling-dudes/versions  
 {"config":{"rewrites":[{"glob":"**","path":"/index.html"}]},"labels":{"deployment-tool":"cli-firebase"}}
[debug] [2022-03-28T19:53:06.395Z] <<< HTTP RESPONSE 200 {"content-type":"application/json; charset=UTF-8","vary":"X-Origin, Referer, Origin,Accept-Encoding","date":"Mon, 28 Mar 2022 19:53:06 GMT","server":"ESF","cache-control":"private","x-xss-protection":"0","x-frame-options":"SAMEORIGIN","x-content-type-options":"nosniff","alt-svc":"h3=\":443\"; ma=2592000,h3-29=\":443\"; ma=2592000,h3-Q050=\":443\"; ma=2592000,h3-Q046=\":443\"; ma=2592000,h3-Q043=\":443\"; ma=2592000,quic=\":443\"; ma=2592000; v=\"46,43\"","accept-ranges":"none","transfer-encoding":"chunked"}
[info] i  hosting[calling-dudes]: beginning deploy... 
[info] i  hosting[calling-dudes]: found 12 files in build 
[debug] [2022-03-28T19:53:06.840Z] > refreshing access token with scopes: []
[debug] [2022-03-28T19:53:06.840Z] >>> HTTP REQUEST POST https://www.googleapis.com/oauth2/v3/token  
 <request body omitted>
[debug] [2022-03-28T19:53:06.840Z] [hosting] hash cache [YnVpbGQ] stored for 12 files
[debug] [2022-03-28T19:53:06.840Z] [hosting][hash queue][FINAL] {"max":383,"min":3,"avg":61.083333333333336,"active":0,"complete":12,"success":12,"errored":0,"retried":0,"total":12,"elapsed":393}
[debug] [2022-03-28T19:53:07.103Z] <<< HTTP RESPONSE 200 {"pragma":"no-cache","date":"Mon, 28 Mar 2022 19:53:07 GMT","expires":"Mon, 01 Jan 1990 00:00:00 GMT","cache-control":"no-cache, no-store, max-age=0, must-revalidate","content-type":"application/json; charset=utf-8","vary":"X-Origin, Referer, Origin,Accept-Encoding","server":"scaffolding on HTTPServer2","x-xss-protection":"0","x-frame-options":"SAMEORIGIN","x-content-type-options":"nosniff","alt-svc":"h3=\":443\"; ma=2592000,h3-29=\":443\"; ma=2592000,h3-Q050=\":443\"; ma=2592000,h3-Q046=\":443\"; ma=2592000,h3-Q043=\":443\"; ma=2592000,quic=\":443\"; ma=2592000; v=\"46,43\"","accept-ranges":"none","transfer-encoding":"chunked"}
[debug] [2022-03-28T19:53:07.181Z] >>> [apiv2][query] POST https://firebasehosting.googleapis.com/v1beta1/sites/calling-dudes/versions/6d9b10f9242f347c:populateFiles [none]
[debug] [2022-03-28T19:53:07.181Z] >>> [apiv2][body] POST https://firebasehosting.googleapis.com/v1beta1/sites/calling-dudes/versions/6d9b10f9242f347c:populateFiles {"files":{"/favicon.ico":"eae62e993eb980ec8a25058c39d5a51feab118bd2100c4deebb2a9c158ec11f9","/logo192.png":"3ee59515172ee198f3be375979df15ac5345183e656720a381b8872b2a39dc8b","/logo512.png":"ee7e2f3fdb8209c4b6fd7bef6ba50d1b9dba30a25bb5c3126df057e1cb6f5331","/manifest.json":"aff3449bdc238776f5d6d967f19ec491b36aed5fb7f23ccff6500736fd58494a","/robots.txt":"bfe106a3fb878dc83461c86818bf74fc1bdc7f28538ba613cd3e775516ce8b49","/asset-manifest.json":"a73481fee8aad7d344760f80ee145536048aa822bc86ef65d32b562c7b457a70","/index.html":"0a6974a2b704389acda30f23500cc4c0e287f5c22c29cab8a54ee40826fe4f2c","/static/js/main.a8745b75.js.LICENSE.txt":"6b1fa62444ebdffb07810053b702ad179a6c8b3a9274fc8af7fa9643a3c893c1","/static/css/main.1a8a0596.css":"1710263f274907138a31a4b36cca399bfc484615ed14436a1e7d37fac9d384c1","/static/js/main.a8745b75.js":"f0d782301e359b32c7aacfd1bc3a793dfcd3f05cda8e093bb21ee199218e27e4","/static/css/main.1a8a0596.css.map":"848096534058bf4d273630f817c41c36cd5c7825043160047293f022c5f74949","/static/js/main.a8745b75.js.map":"197b6b63f14ca4d64fea51ec47a97d5469a8dbbd9cd1b5d6314a8fde0437c6e0"}}
[debug] [2022-03-28T19:53:08.676Z] <<< [apiv2][status] POST https://firebasehosting.googleapis.com/v1beta1/sites/calling-dudes/versions/6d9b10f9242f347c:populateFiles 200
[debug] [2022-03-28T19:53:08.676Z] <<< [apiv2][body] POST https://firebasehosting.googleapis.com/v1beta1/sites/calling-dudes/versions/6d9b10f9242f347c:populateFiles {"uploadRequiredHashes":["a73481fee8aad7d344760f80ee145536048aa822bc86ef65d32b562c7b457a70","0a6974a2b704389acda30f23500cc4c0e287f5c22c29cab8a54ee40826fe4f2c","197b6b63f14ca4d64fea51ec47a97d5469a8dbbd9cd1b5d6314a8fde0437c6e0","f0d782301e359b32c7aacfd1bc3a793dfcd3f05cda8e093bb21ee199218e27e4"],"uploadUrl":"https://upload-firebasehosting.googleapis.com/upload/sites/calling-dudes/versions/6d9b10f9242f347c/files"}
[debug] [2022-03-28T19:53:08.676Z] >>> [apiv2][query] POST https://upload-firebasehosting.googleapis.com/upload/sites/calling-dudes/versions/6d9b10f9242f347c/files/a73481fee8aad7d344760f80ee145536048aa822bc86ef65d32b562c7b457a70 [none]
[debug] [2022-03-28T19:53:08.676Z] >>> [apiv2][body] POST https://upload-firebasehosting.googleapis.com/upload/sites/calling-dudes/versions/6d9b10f9242f347c/files/a73481fee8aad7d344760f80ee145536048aa822bc86ef65d32b562c7b457a70 [stream]
[debug] [2022-03-28T19:53:08.692Z] >>> [apiv2][query] POST https://upload-firebasehosting.googleapis.com/upload/sites/calling-dudes/versions/6d9b10f9242f347c/files/0a6974a2b704389acda30f23500cc4c0e287f5c22c29cab8a54ee40826fe4f2c [none]
[debug] [2022-03-28T19:53:08.692Z] >>> [apiv2][body] POST https://upload-firebasehosting.googleapis.com/upload/sites/calling-dudes/versions/6d9b10f9242f347c/files/0a6974a2b704389acda30f23500cc4c0e287f5c22c29cab8a54ee40826fe4f2c [stream]
[debug] [2022-03-28T19:53:08.692Z] >>> [apiv2][query] POST https://upload-firebasehosting.googleapis.com/upload/sites/calling-dudes/versions/6d9b10f9242f347c/files/197b6b63f14ca4d64fea51ec47a97d5469a8dbbd9cd1b5d6314a8fde0437c6e0 [none]
[debug] [2022-03-28T19:53:08.692Z] >>> [apiv2][body] POST https://upload-firebasehosting.googleapis.com/upload/sites/calling-dudes/versions/6d9b10f9242f347c/files/197b6b63f14ca4d64fea51ec47a97d5469a8dbbd9cd1b5d6314a8fde0437c6e0 [stream]
[debug] [2022-03-28T19:53:08.692Z] >>> [apiv2][query] POST https://upload-firebasehosting.googleapis.com/upload/sites/calling-dudes/versions/6d9b10f9242f347c/files/f0d782301e359b32c7aacfd1bc3a793dfcd3f05cda8e093bb21ee199218e27e4 [none]
[debug] [2022-03-28T19:53:08.692Z] >>> [apiv2][body] POST https://upload-firebasehosting.googleapis.com/upload/sites/calling-dudes/versions/6d9b10f9242f347c/files/f0d782301e359b32c7aacfd1bc3a793dfcd3f05cda8e093bb21ee199218e27e4 [stream]
[debug] [2022-03-28T19:53:08.692Z] [hosting][populate queue][FINAL] {"max":1836,"min":1836,"avg":1836,"active":0,"complete":1,"success":1,"errored":0,"retried":0,"total":1,"elapsed":1852}
[debug] [2022-03-28T19:53:08.692Z] [hosting] uploads queued: 4
[debug] [2022-03-28T19:53:11.620Z] <<< [apiv2][status] POST https://upload-firebasehosting.googleapis.com/upload/sites/calling-dudes/versions/6d9b10f9242f347c/files/a73481fee8aad7d344760f80ee145536048aa822bc86ef65d32b562c7b457a70 200
[debug] [2022-03-28T19:53:11.620Z] <<< [apiv2][body] POST https://upload-firebasehosting.googleapis.com/upload/sites/calling-dudes/versions/6d9b10f9242f347c/files/a73481fee8aad7d344760f80ee145536048aa822bc86ef65d32b562c7b457a70 [stream]
[debug] [2022-03-28T19:53:11.705Z] <<< [apiv2][status] POST https://upload-firebasehosting.googleapis.com/upload/sites/calling-dudes/versions/6d9b10f9242f347c/files/0a6974a2b704389acda30f23500cc4c0e287f5c22c29cab8a54ee40826fe4f2c 200
[debug] [2022-03-28T19:53:11.705Z] <<< [apiv2][body] POST https://upload-firebasehosting.googleapis.com/upload/sites/calling-dudes/versions/6d9b10f9242f347c/files/0a6974a2b704389acda30f23500cc4c0e287f5c22c29cab8a54ee40826fe4f2c [stream]
[debug] [2022-03-28T19:53:11.736Z] <<< [apiv2][status] POST https://upload-firebasehosting.googleapis.com/upload/sites/calling-dudes/versions/6d9b10f9242f347c/files/f0d782301e359b32c7aacfd1bc3a793dfcd3f05cda8e093bb21ee199218e27e4 200
[debug] [2022-03-28T19:53:11.737Z] <<< [apiv2][body] POST https://upload-firebasehosting.googleapis.com/upload/sites/calling-dudes/versions/6d9b10f9242f347c/files/f0d782301e359b32c7aacfd1bc3a793dfcd3f05cda8e093bb21ee199218e27e4 [stream]
[debug] [2022-03-28T19:53:12.006Z] <<< [apiv2][status] POST https://upload-firebasehosting.googleapis.com/upload/sites/calling-dudes/versions/6d9b10f9242f347c/files/197b6b63f14ca4d64fea51ec47a97d5469a8dbbd9cd1b5d6314a8fde0437c6e0 200
[debug] [2022-03-28T19:53:12.007Z] <<< [apiv2][body] POST https://upload-firebasehosting.googleapis.com/upload/sites/calling-dudes/versions/6d9b10f9242f347c/files/197b6b63f14ca4d64fea51ec47a97d5469a8dbbd9cd1b5d6314a8fde0437c6e0 [stream]
[debug] [2022-03-28T19:53:12.007Z] [hosting][upload queue][FINAL] {"max":3331,"min":2944,"avg":3091.25,"active":0,"complete":4,"success":4,"errored":0,"retried":0,"total":4,"elapsed":3331}
[info] +  hosting[calling-dudes]: file upload complete 
[debug] [2022-03-28T19:53:12.010Z] [hosting] deploy completed after 5615ms
[debug] [2022-03-28T19:53:12.020Z] [
  {
    "config": {
      "public": "build",
      "ignore": [
        "firebase.json",
        "**/.*",
        "**/node_modules/**"
      ],
      "rewrites": [
        {
          "source": "**",
          "destination": "/index.html"
        }
      ],
      "site": "calling-dudes"
    },
    "site": "calling-dudes",
    "version": "sites/calling-dudes/versions/6d9b10f9242f347c"
  }
]
[info] i  hosting[calling-dudes]: finalizing version... 
[debug] [2022-03-28T19:53:12.027Z] > refreshing access token with scopes: ["email","https://www.googleapis.com/auth/cloud-platform","https://www.googleapis.com/auth/cloudplatformprojects.readonly","https://www.googleapis.com/auth/firebase","openid"]
[debug] [2022-03-28T19:53:12.027Z] >>> HTTP REQUEST POST https://www.googleapis.com/oauth2/v3/token  
 <request body omitted>
[debug] [2022-03-28T19:53:12.334Z] <<< HTTP RESPONSE 200 {"pragma":"no-cache","expires":"Mon, 01 Jan 1990 00:00:00 GMT","cache-control":"no-cache, no-store, max-age=0, must-revalidate","date":"Mon, 28 Mar 2022 19:53:12 GMT","content-type":"application/json; charset=utf-8","vary":"X-Origin, Referer, Origin,Accept-Encoding","server":"scaffolding on HTTPServer2","x-xss-protection":"0","x-frame-options":"SAMEORIGIN","x-content-type-options":"nosniff","alt-svc":"h3=\":443\"; ma=2592000,h3-29=\":443\"; ma=2592000,h3-Q050=\":443\"; ma=2592000,h3-Q046=\":443\"; ma=2592000,h3-Q043=\":443\"; ma=2592000,quic=\":443\"; ma=2592000; v=\"46,43\"","accept-ranges":"none","transfer-encoding":"chunked"}
[debug] [2022-03-28T19:53:12.413Z] >>> HTTP REQUEST PATCH https://firebasehosting.googleapis.com/v1beta1/sites/calling-dudes/versions/6d9b10f9242f347c?updateMask=status  
 {"status":"FINALIZED"}
[debug] [2022-03-28T19:53:14.173Z] <<< HTTP RESPONSE 200 {"content-type":"application/json; charset=UTF-8","vary":"X-Origin, Referer, Origin,Accept-Encoding","date":"Mon, 28 Mar 2022 19:53:13 GMT","server":"ESF","cache-control":"private","x-xss-protection":"0","x-frame-options":"SAMEORIGIN","x-content-type-options":"nosniff","alt-svc":"h3=\":443\"; ma=2592000,h3-29=\":443\"; ma=2592000,h3-Q050=\":443\"; ma=2592000,h3-Q046=\":443\"; ma=2592000,h3-Q043=\":443\"; ma=2592000,quic=\":443\"; ma=2592000; v=\"46,43\"","accept-ranges":"none","transfer-encoding":"chunked"}
[debug] [2022-03-28T19:53:14.173Z] [hosting] finalized version for calling-dudes: {"name":"sites/calling-dudes/versions/6d9b10f9242f347c","status":"FINALIZED","config":{"rewrites":[{"glob":"**","path":"/index.html"}]},"labels":{"deployment-tool":"cli-firebase"},"createTime":"2022-03-28T19:53:06.188388Z","createUser":{"email":"mazharulalam26@gmail.com"},"finalizeTime":"2022-03-28T19:53:13.929539Z","finalizeUser":{"email":"mazharulalam26@gmail.com"}}
[info] +  hosting[calling-dudes]: version finalized 
[info] i  hosting[calling-dudes]: releasing new version... 
[debug] [2022-03-28T19:53:14.173Z] >>> HTTP REQUEST POST https://firebasehosting.googleapis.com/v1beta1/sites/calling-dudes/releases?version_name=sites/calling-dudes/versions/6d9b10f9242f347c  
 {"message":null}
[debug] [2022-03-28T19:53:15.773Z] <<< HTTP RESPONSE 200 {"content-type":"application/json; charset=UTF-8","vary":"X-Origin, Referer, Origin,Accept-Encoding","date":"Mon, 28 Mar 2022 19:53:15 GMT","server":"ESF","cache-control":"private","x-xss-protection":"0","x-frame-options":"SAMEORIGIN","x-content-type-options":"nosniff","alt-svc":"h3=\":443\"; ma=2592000,h3-29=\":443\"; ma=2592000,h3-Q050=\":443\"; ma=2592000,h3-Q046=\":443\"; ma=2592000,h3-Q043=\":443\"; ma=2592000,quic=\":443\"; ma=2592000; v=\"46,43\"","accept-ranges":"none","transfer-encoding":"chunked"}
[debug] [2022-03-28T19:53:15.773Z] [hosting] release: {"name":"sites/calling-dudes/releases/1648497195186928","version":{"name":"sites/calling-dudes/versions/6d9b10f9242f347c","status":"FINALIZED","config":{"rewrites":[{"glob":"**","path":"/index.html"}]},"labels":{"deployment-tool":"cli-firebase"},"createTime":"2022-03-28T19:53:06.188388Z","createUser":{"email":"mazharulalam26@gmail.com","imageUrl":"https://lh3.googleusercontent.com/a-/AOh14Gi-Uk1CuZVyS2YmJ1y7Ym33PDcg5KkZAX072g46Wg"},"finalizeTime":"2022-03-28T19:53:13.929539Z","finalizeUser":{"email":"mazharulalam26@gmail.com","imageUrl":"https://lh3.googleusercontent.com/a-/AOh14Gi-Uk1CuZVyS2YmJ1y7Ym33PDcg5KkZAX072g46Wg"}},"type":"DEPLOY","releaseTime":"2022-03-28T19:53:15.186928523Z","releaseUser":{"email":"mazharulalam26@gmail.com","imageUrl":"https://lh3.googleusercontent.com/a-/AOh14Gi-Uk1CuZVyS2YmJ1y7Ym33PDcg5KkZAX072g46Wg"}}
[info] +  hosting[calling-dudes]: release complete 
